{
  "RSpec": {
    "coverage": {
      "/Users/michael_wong/Turing/Module3/Projects/next_stop/app/controllers/sessions_controller.rb": [
        1,
        1,
        0,
        0,
        0,
        null,
        0,
        null,
        null,
        1,
        0,
        0,
        0,
        null,
        null
      ],
      "/Users/michael_wong/Turing/Module3/Projects/next_stop/app/controllers/application_controller.rb": [
        1,
        1,
        1,
        null,
        1,
        0,
        null,
        null
      ],
      "/Users/michael_wong/Turing/Module3/Projects/next_stop/spec/controllers/welcome_controller_spec.rb": [
        1,
        null,
        1,
        null,
        1,
        1,
        1,
        1,
        null,
        null,
        null,
        null
      ],
      "/Users/michael_wong/Turing/Module3/Projects/next_stop/app/controllers/welcome_controller.rb": [
        1,
        1,
        null,
        null
      ],
      "/Users/michael_wong/Turing/Module3/Projects/next_stop/spec/helpers/sessions_helper_spec.rb": [
        1,
        null,
        null,
        null,
        null,
        null,
        null,
        null,
        null,
        null,
        null,
        null,
        1,
        1,
        null
      ],
      "/Users/michael_wong/Turing/Module3/Projects/next_stop/spec/models/user_spec.rb": [
        1,
        null,
        1,
        1,
        null
      ],
      "/Users/michael_wong/Turing/Module3/Projects/next_stop/app/models/user.rb": [
        1,
        null,
        1,
        0,
        null,
        0,
        null,
        null,
        null,
        null,
        null,
        null,
        null,
        0,
        null
      ],
      "/Users/michael_wong/Turing/Module3/Projects/next_stop/spec/views/sessions/create.html.erb_spec.rb": [
        1,
        null,
        1,
        1,
        null
      ],
      "/Users/michael_wong/Turing/Module3/Projects/next_stop/spec/views/welcome/index.html.erb_spec.rb": [
        1,
        null,
        1,
        1,
        null
      ]
    },
    "timestamp": 1447623164
  }
}
